<?xml version="1.0" encoding="UTF-8"?>
<!-- Generated by org.testng.reporters.JUnitReportReporter -->
<testsuite hostname="DESKTOP-7M9B2GK" failures="0" tests="1" name="org.testing.testScrpts.TC8_GetParticularRequest8" time="1.183" errors="0" timestamp="2024-04-20T09:50:34 IST" skipped="0">
  <testcase classname="org.testing.testScrpts.TC8_GetParticularRequest8" name="testCase8" time="1.183"/>
  <system-out/>
</testsuite> <!-- org.testing.testScrpts.TC8_GetParticularRequest8 -->
