<?xml version="1.0" encoding="UTF-8"?>
<!-- Generated by org.testng.reporters.JUnitReportReporter -->
<testsuite hostname="DESKTOP-7M9B2GK" failures="0" tests="1" name="org.testing.testScrpts.TC6_PostRequest6" time="2.866" errors="0" timestamp="2024-04-20T09:50:34 IST" skipped="0">
  <testcase classname="org.testing.testScrpts.TC6_PostRequest6" name="testCase6" time="2.866"/>
  <system-out/>
</testsuite> <!-- org.testing.testScrpts.TC6_PostRequest6 -->
